<?xml version="1.0" encoding="UTF-8" standalone="yes"?>
<testsuites time="0.0" tests="1" failures="0" errors="1">
    <testsuite name="GraphWalker" tests="1" failures="0" errors="1" time="0.0" timestamp="2022-04-20T22:07:32">
        <properties>
[...]
</properties>
        <testcase name="Test" time="0.0" classname="com.tugasakhir.Test">
            <error type="java.lang.reflect.InvocationTargetException">
                java.lang.reflect.InvocationTargetException&#13;
                	at sun.reflect.NativeMethodAccessorImpl.invoke0(Native Method)&#13;
                	at sun.reflect.NativeMethodAccessorImpl.invoke(NativeMethodAccessorImpl.java:62)&#13;
                	at sun.reflect.DelegatingMethodAccessorImpl.invoke(DelegatingMethodAccessorImpl.java:43)&#13;
                	at java.lang.reflect.Method.invoke(Method.java:498)&#13;
                	at org.graphwalker.core.machine.ExecutionContext.execute(ExecutionContext.java:265)&#13;
                	at org.graphwalker.core.machine.SimpleMachine.execute(SimpleMachine.java:285)&#13;
                	at org.graphwalker.core.machine.SimpleMachine.getNextStep(SimpleMachine.java:108)&#13;
                	at org.graphwalker.java.test.TestExecutor.execute(TestExecutor.java:249)&#13;
                	at sun.reflect.NativeMethodAccessorImpl.invoke0(Native Method)&#13;
                	at sun.reflect.NativeMethodAccessorImpl.invoke(NativeMethodAccessorImpl.java:62)&#13;
                	at sun.reflect.DelegatingMethodAccessorImpl.invoke(DelegatingMethodAccessorImpl.java:43)&#13;
                	at java.lang.reflect.Method.invoke(Method.java:498)&#13;
                	at org.graphwalker.java.test.Reflections.invoke(Reflections.java:73)&#13;
                	at org.graphwalker.java.test.Reflector.execute(Reflector.java:123)&#13;
                	at org.graphwalker.maven.plugin.TestMojo.execute(TestMojo.java:161)&#13;
                	at org.apache.maven.plugin.DefaultBuildPluginManager.executeMojo(DefaultBuildPluginManager.java:137)&#13;
                	at org.apache.maven.lifecycle.internal.MojoExecutor.execute(MojoExecutor.java:210)&#13;
                	at org.apache.maven.lifecycle.internal.MojoExecutor.execute(MojoExecutor.java:156)&#13;
                	at org.apache.maven.lifecycle.internal.MojoExecutor.execute(MojoExecutor.java:148)&#13;
                	at org.apache.maven.lifecycle.internal.LifecycleModuleBuilder.buildProject(LifecycleModuleBuilder.java:117)&#13;
                	at org.apache.maven.lifecycle.internal.LifecycleModuleBuilder.buildProject(LifecycleModuleBuilder.java:81)&#13;
                	at org.apache.maven.lifecycle.internal.builder.singlethreaded.SingleThreadedBuilder.build(SingleThreadedBuilder.java:56)&#13;
                	at org.apache.maven.lifecycle.internal.LifecycleStarter.execute(LifecycleStarter.java:128)&#13;
                	at org.apache.maven.DefaultMaven.doExecute(DefaultMaven.java:305)&#13;
                	at org.apache.maven.DefaultMaven.doExecute(DefaultMaven.java:192)&#13;
                	at org.apache.maven.DefaultMaven.execute(DefaultMaven.java:105)&#13;
                	at org.apache.maven.cli.MavenCli.execute(MavenCli.java:972)&#13;
                	at org.apache.maven.cli.MavenCli.doMain(MavenCli.java:293)&#13;
                	at org.apache.maven.cli.MavenCli.main(MavenCli.java:196)&#13;
                	at sun.reflect.NativeMethodAccessorImpl.invoke0(Native Method)&#13;
                	at sun.reflect.NativeMethodAccessorImpl.invoke(NativeMethodAccessorImpl.java:62)&#13;
                	at sun.reflect.DelegatingMethodAccessorImpl.invoke(DelegatingMethodAccessorImpl.java:43)&#13;
                	at java.lang.reflect.Method.invoke(Method.java:498)&#13;
                	at org.codehaus.plexus.classworlds.launcher.Launcher.launchEnhanced(Launcher.java:282)&#13;
                	at org.codehaus.plexus.classworlds.launcher.Launcher.launch(Launcher.java:225)&#13;
                	at org.codehaus.plexus.classworlds.launcher.Launcher.mainWithExitCode(Launcher.java:406)&#13;
                	at org.codehaus.plexus.classworlds.launcher.Launcher.main(Launcher.java:347)&#13;
                Caused by: org.openqa.selenium.NoSuchElementException: An element could not be located on the page using the given search parameters.
                For documentation on this error, please visit: https://www.seleniumhq.org/exceptions/no_such_element.html
                Build info: version: '3.141.59', revision: 'e82be7d358', time: '2018-11-14T08:17:03'
                System info: host: 'DESKTOP-B3HQPJR', ip: '169.254.150.249', os.name: 'Windows 10', os.arch: 'amd64', os.version: '10.0', java.version: '1.8.0_201'
                Driver info: io.appium.java_client.android.AndroidDriver
                Capabilities {appActivity: com.telkom.tracencare.ui.Ma..., appPackage: com.telkom.tracencare, databaseEnabled: false, desired: {appActivity: com.telkom.tracencare.ui.Ma..., appPackage: com.telkom.tracencare, deviceName: emulator_device, platformName: android, platformVersion: 8.1, udid: 192.168.43.107:5555}, deviceApiLevel: 27, deviceManufacturer: unknown, deviceModel: emulator_device, deviceName: 192.168.43.107:5555, deviceScreenDensity: 420, deviceScreenSize: 1080x1920, deviceUDID: 192.168.43.107:5555, javascriptEnabled: true, locationContextEnabled: false, networkConnectionEnabled: true, pixelRatio: 2.625, platform: LINUX, platformName: Android, platformVersion: 8.1.0, statBarHeight: 63, takesScreenshot: true, udid: 192.168.43.107:5555, viewportRect: {height: 1731, left: 0, top: 63, width: 1080}, warnings: {}, webStorageEnabled: false}
                Session ID: cbfa812b-2886-423c-a973-23d0cac06a6e
                *** Element info: {Using=id, value=com.telkom.tracencare:id/tab_email}&#13;
                	at sun.reflect.NativeConstructorAccessorImpl.newInstance0(Native Method)&#13;
                	at sun.reflect.NativeConstructorAccessorImpl.newInstance(NativeConstructorAccessorImpl.java:62)&#13;
                	at sun.reflect.DelegatingConstructorAccessorImpl.newInstance(DelegatingConstructorAccessorImpl.java:45)&#13;
                	at java.lang.reflect.Constructor.newInstance(Constructor.java:423)&#13;
                	at org.openqa.selenium.remote.http.W3CHttpResponseCodec.createException(W3CHttpResponseCodec.java:187)&#13;
                	at org.openqa.selenium.remote.http.W3CHttpResponseCodec.decode(W3CHttpResponseCodec.java:122)&#13;
                	at org.openqa.selenium.remote.http.W3CHttpResponseCodec.decode(W3CHttpResponseCodec.java:49)&#13;
                	at org.openqa.selenium.remote.HttpCommandExecutor.execute(HttpCommandExecutor.java:158)&#13;
                	at io.appium.java_client.remote.AppiumCommandExecutor.execute(AppiumCommandExecutor.java:239)&#13;
                	at org.openqa.selenium.remote.RemoteWebDriver.execute(RemoteWebDriver.java:552)&#13;
                	at io.appium.java_client.DefaultGenericMobileDriver.execute(DefaultGenericMobileDriver.java:42)&#13;
                	at io.appium.java_client.AppiumDriver.execute(AppiumDriver.java:1)&#13;
                	at io.appium.java_client.android.AndroidDriver.execute(AndroidDriver.java:1)&#13;
                	at org.openqa.selenium.remote.RemoteWebDriver.findElement(RemoteWebDriver.java:323)&#13;
                	at io.appium.java_client.DefaultGenericMobileDriver.findElement(DefaultGenericMobileDriver.java:62)&#13;
                	at io.appium.java_client.AppiumDriver.findElement(AppiumDriver.java:1)&#13;
                	at io.appium.java_client.android.AndroidDriver.findElement(AndroidDriver.java:1)&#13;
                	at org.openqa.selenium.remote.RemoteWebDriver.findElementById(RemoteWebDriver.java:372)&#13;
                	at io.appium.java_client.DefaultGenericMobileDriver.findElementById(DefaultGenericMobileDriver.java:70)&#13;
                	at io.appium.java_client.AppiumDriver.findElementById(AppiumDriver.java:1)&#13;
                	at io.appium.java_client.android.AndroidDriver.findElementById(AndroidDriver.java:1)&#13;
                	at com.tugasakhir.Test.v_Home(Test.java:34)&#13;
                	... 37 more&#13;
</error>
        </testcase>
    </testsuite>
</testsuites>
